Flutter crash report.
Please report a bug at https://github.com/flutter/flutter/issues.

## command

flutter --no-color pub upgrade

## exception

PathExistsException: PathExistsException: Cannot create link, path = '/home/user/Documents/Github/budget-app/linux/flutter/ephemeral/.plugin_symlinks/path_provider_linux' (OS Error: File exists, errno = 17)

```
#0      _Link.throwIfError (dart:io/link.dart:339:7)
#1      _Link.createSync (dart:io/link.dart:267:5)
#2      ForwardingLink.createSync (package:file/src/forwarding/forwarding_link.dart:20:16)
#3      ForwardingLink.createSync (package:file/src/forwarding/forwarding_link.dart:20:16)
#4      _createPlatformPluginSymlinks (package:flutter_tools/src/flutter_plugins.dart:985:12)
#5      createPluginSymlinks (package:flutter_tools/src/flutter_plugins.dart:914:5)
#6      refreshPluginsList (package:flutter_tools/src/flutter_plugins.dart:1022:5)
<asynchronous suspension>
#7      FlutterProject.ensureReadyForPlatformSpecificTooling (package:flutter_tools/src/project.dart:379:5)
<asynchronous suspension>
#8      PackagesGetCommand.runCommand (package:flutter_tools/src/commands/packages.dart:383:7)
<asynchronous suspension>
#9      FlutterCommand.run.<anonymous closure> (package:flutter_tools/src/runner/flutter_command.dart:1408:27)
<asynchronous suspension>
#10     AppContext.run.<anonymous closure> (package:flutter_tools/src/base/context.dart:153:19)
<asynchronous suspension>
#11     CommandRunner.runCommand (package:args/command_runner.dart:212:13)
<asynchronous suspension>
#12     FlutterCommandRunner.runCommand.<anonymous closure> (package:flutter_tools/src/runner/flutter_command_runner.dart:420:9)
<asynchronous suspension>
#13     AppContext.run.<anonymous closure> (package:flutter_tools/src/base/context.dart:153:19)
<asynchronous suspension>
#14     FlutterCommandRunner.runCommand (package:flutter_tools/src/runner/flutter_command_runner.dart:364:5)
<asynchronous suspension>
#15     run.<anonymous closure>.<anonymous closure> (package:flutter_tools/runner.dart:130:9)
<asynchronous suspension>
#16     AppContext.run.<anonymous closure> (package:flutter_tools/src/base/context.dart:153:19)
<asynchronous suspension>
#17     main (package:flutter_tools/executable.dart:93:3)
<asynchronous suspension>
```

## flutter doctor

```
[!] Flutter (Channel stable, 3.24.5, on Kali GNU/Linux Rolling 6.8.11-amd64, locale en_GB.UTF-8)
    • Flutter version 3.24.5 on channel stable at /home/user/flutter
    ! The flutter binary is not on your path. Consider adding /home/user/flutter/bin to your path.
    ! The dart binary is not on your path. Consider adding /home/user/flutter/bin to your path.
    • Upstream repository https://github.com/flutter/flutter.git
    • Framework revision dec2ee5c1f (5 weeks ago), 2024-11-13 11:13:06 -0800
    • Engine revision a18df97ca5
    • Dart version 3.5.4
    • DevTools version 2.37.3
    • If those were intentional, you can disregard the above warnings; however it is recommended to use "git" directly to perform update checks and upgrades.

[!] Android toolchain - develop for Android devices (Android SDK version 34.0.0)
    • Android SDK at /home/user/Android/Sdk
    ✗ cmdline-tools component is missing
      Run `path/to/sdkmanager --install "cmdline-tools;latest"`
      See https://developer.android.com/studio/command-line for more details.
    ✗ Android license status unknown.
      Run `flutter doctor --android-licenses` to accept the SDK licenses.
      See https://flutter.dev/to/linux-android-setup for more details.

[✓] Chrome - develop for the web
    • Chrome at google-chrome

[✗] Linux toolchain - develop for Linux desktop
    • Debian clang version 16.0.6 (27+b1)
    ✗ CMake is required for Linux development.
      It is likely available from your distribution (e.g.: apt install cmake), or can be downloaded from https://cmake.org/download/
    ✗ ninja is required for Linux development.
      It is likely available from your distribution (e.g.: apt install ninja-build), or can be downloaded from https://github.com/ninja-build/ninja/releases
    • pkg-config version 1.8.1
    ✗ GTK 3.0 development libraries are required for Linux development.
      They are likely available from your distribution (e.g.: apt install libgtk-3-dev)

[✓] Android Studio (version 2024.2)
    • Android Studio at /home/user/android-studio-2024.2.1.11-linux/android-studio
    • Flutter plugin version 82.1.3
    • Dart plugin can be installed from:
      🔨 https://plugins.jetbrains.com/plugin/6351-dart
    • Java version openjdk version "21.0.3" 2024-04-16

[✓] IntelliJ IDEA Community Edition (version 2024.3)
    • IntelliJ at /home/user/ideaIC-2024.3/idea-IC-243.21565.193
    • Flutter plugin can be installed from:
      🔨 https://plugins.jetbrains.com/plugin/9212-flutter
    • Dart plugin can be installed from:
      🔨 https://plugins.jetbrains.com/plugin/6351-dart

[✓] IntelliJ IDEA Ultimate Edition (version 2024.3)
    • IntelliJ at /home/user/ideaIU-2024.3/idea-IU-243.21565.193
    • Flutter plugin can be installed from:
      🔨 https://plugins.jetbrains.com/plugin/9212-flutter
    • Dart plugin can be installed from:
      🔨 https://plugins.jetbrains.com/plugin/6351-dart

[✓] VS Code (version 1.95.3)
    • VS Code at /usr/share/code
    • Flutter extension can be installed from:
      🔨 https://marketplace.visualstudio.com/items?itemName=Dart-Code.flutter

[✓] Connected device (2 available)
    • Linux (desktop) • linux  • linux-x64      • Kali GNU/Linux Rolling 6.8.11-amd64
    • Chrome (web)    • chrome • web-javascript • Google Chrome 131.0.6778.69

[✓] Network resources
    • All expected network resources are available.

! Doctor found issues in 3 categories.
```
