[
  {
    "level_": 0,
    "message_": "android.ndkVersion from module build.gradle is [26.3.11579264]",
    "file_": "",
    "tag_": "",
    "diagnosticCode_": 0,
    "memoizedIsInitialized": 1,
    "unknownFields": {
      "fields": {}
    },
    "memoizedSize": -1,
    "memoizedHashCode": 0
  },
  {
    "level_": 0,
    "message_": "android.ndkPath from module build.gradle is not set",
    "file_": "",
    "tag_": "",
    "diagnosticCode_": 0,
    "memoizedIsInitialized": 1,
    "unknownFields": {
      "fields": {}
    },
    "memoizedSize": -1,
    "memoizedHashCode": 0
  },
  {
    "level_": 0,
    "message_": "ndk.dir in local.properties is not set",
    "file_": "",
    "tag_": "",
    "diagnosticCode_": 0,
    "memoizedIsInitialized": 1,
    "unknownFields": {
      "fields": {}
    },
    "memoizedSize": -1,
    "memoizedHashCode": 0
  },
  {
    "level_": 0,
    "message_": "Not considering ANDROID_NDK_HOME because support was removed after deprecation period.",
    "file_": "",
    "tag_": "",
    "diagnosticCode_": 0,
    "memoizedIsInitialized": 1,
    "unknownFields": {
      "fields": {}
    },
    "memoizedSize": -1,
    "memoizedHashCode": 0
  },
  {
    "level_": 0,
    "message_": "sdkFolder is /home/jarvis/Android/Sdk",
    "file_": "",
    "tag_": "",
    "diagnosticCode_": 0,
    "memoizedIsInitialized": 1,
    "unknownFields": {
      "fields": {}
    },
    "memoizedSize": -1,
    "memoizedHashCode": 0
  },
  {
    "level_": 0,
    "message_": "NDK side-by-side folder from sdkFolder /home/jarvis/Android/Sdk/ndk does not exist",
    "file_": "",
    "tag_": "",
    "diagnosticCode_": 0,
    "memoizedIsInitialized": 1,
    "unknownFields": {
      "fields": {}
    },
    "memoizedSize": -1,
    "memoizedHashCode": 0
  },
  {
    "level_": 0,
    "message_": "Folder /home/jarvis/Android/Sdk/ndk/26.3.11579264 does not exist. Ignoring.",
    "file_": "",
    "tag_": "",
    "diagnosticCode_": 0,
    "memoizedIsInitialized": 1,
    "unknownFields": {
      "fields": {}
    },
    "memoizedSize": -1,
    "memoizedHashCode": 0
  },
  {
    "level_": 0,
    "message_": "Folder /home/jarvis/Android/Sdk/ndk-bundle does not exist. Ignoring.",
    "file_": "",
    "tag_": "",
    "diagnosticCode_": 0,
    "memoizedIsInitialized": 1,
    "unknownFields": {
      "fields": {}
    },
    "memoizedSize": -1,
    "memoizedHashCode": 0
  },
  {
    "level_": 0,
    "message_": "No NDK was found. Trying to download it now.",
    "file_": "",
    "tag_": "",
    "diagnosticCode_": 0,
    "memoizedIsInitialized": 1,
    "unknownFields": {
      "fields": {}
    },
    "memoizedSize": -1,
    "memoizedHashCode": 0
  },
  {
    "level_": 0,
    "message_": "NDK 26.3.11579264 was downloaded to /home/jarvis/Android/Sdk/ndk/26.3.11579264. Using that.",
    "file_": "",
    "tag_": "",
    "diagnosticCode_": 0,
    "memoizedIsInitialized": 1,
    "unknownFields": {
      "fields": {}
    },
    "memoizedSize": -1,
    "memoizedHashCode": 0
  }
]